<?xml version="1.0" encoding="UTF-8"?>
<!-- Generated by org.testng.reporters.JUnitReportReporter -->
<testsuite hostname="LAPTOP-FV335H8K" failures="0" tests="1" name="ThreeTest" time="0.008" errors="0" timestamp="2021-11-15T16:02:47 IST" skipped="0">
  <testcase classname="ThreeTest" name="testThree" time="0.008"/>
  <system-out/>
</testsuite> <!-- ThreeTest -->
