<?xml version="1.0" encoding="UTF-8"?>
<!-- Generated by org.testng.reporters.JUnitReportReporter -->
<testsuite hostname="LAPTOP-FV335H8K" failures="0" tests="1" name="NewTest" time="25.088" errors="0" timestamp="25 Mar 2022 06:39:55 GMT" skipped="0">
  <testcase classname="NewTest" name="login" time="25.088"/>
</testsuite> <!-- NewTest -->
